<?xml version="1.0" encoding="UTF-8"?>
<!-- Generated by org.testng.reporters.JUnitReportReporter -->
<testsuite hostname="DESKTOP-GGDIQCA" failures="0" tests="2" name="test_package.TestCardsCreatingAndCloningInMaterContainer" time="324.579" errors="0" timestamp="2024-01-08T12:39:53 IST" skipped="0">
  <testcase classname="test_package.TestCardsCreatingAndCloningInMaterContainer" name="CreateKanbanBoard" time="251.045"/>
  <testcase classname="test_package.TestCardsCreatingAndCloningInMaterContainer" name="CardsCreateOnEachMasterContainer" time="73.534"/>
</testsuite> <!-- test_package.TestCardsCreatingAndCloningInMaterContainer -->
