<?xml version="1.0" encoding="UTF-8"?>
<!-- Generated by org.testng.reporters.JUnitReportReporter -->
<testsuite hostname="DESKTOP-GGDIQCA" failures="0" tests="3" name="test_package.TestCreateMultipleKanbancardswithTasksStickersFiles" time="341.729" errors="0" timestamp="2024-01-08T17:14:25 IST" skipped="0">
  <testcase classname="test_package.TestCreateMultipleKanbancardswithTasksStickersFiles" name="kanbanBoard" time="20.259"/>
  <testcase classname="test_package.TestCreateMultipleKanbancardswithTasksStickersFiles" name="kanbanCard" time="255.817"/>
  <testcase classname="test_package.TestCreateMultipleKanbancardswithTasksStickersFiles" name="AddTaskToBacklogMasterContainer" time="65.653"/>
</testsuite> <!-- test_package.TestCreateMultipleKanbancardswithTasksStickersFiles -->
