<?xml version="1.0" encoding="UTF-8"?>
<!-- Generated by org.testng.reporters.JUnitXMLReporter -->
<testsuite ignored="0" hostname="DESKTOP-GGDIQCA" failures="0" tests="7" name="Default test" time="281.607" errors="0" timestamp="2024-06-14T14:59:16 IST">
  <testcase classname="test_package.TestCreateMilestoneAndAutomateThreedotfunctionalityOnPg" name="singleMilestone" time="60.896"/>
  <testcase classname="test_package.TestCreateMilestoneAndAutomateThreedotfunctionalityOnPg" name="addButtonfunctionality" time="26.722"/>
  <testcase classname="test_package.TestCreateMilestoneAndAutomateThreedotfunctionalityOnPg" name="discusstabOnmilestone" time="99.595"/>
  <testcase classname="test_package.TestCreateMilestoneAndAutomateThreedotfunctionalityOnPg" name="converToActivityGroup" time="1.466"/>
  <testcase classname="test_package.TestCreateMilestoneAndAutomateThreedotfunctionalityOnPg" name="performIndentOutdentExternalDependancyCloneAndDeleteOperation" time="36.058"/>
  <testcase classname="test_package.TestCreateMilestoneAndAutomateThreedotfunctionalityOnPg" name="convertTomilestone" time="34.948"/>
  <testcase classname="test_package.TestCreateMilestoneAndAutomateThreedotfunctionalityOnPg" name="quickActionsOnMilstone" time="21.811"/>
</testsuite> <!-- Default test -->
