<?xml version="1.0" encoding="UTF-8"?>
<testng-results ignored="0" total="31" passed="31" failed="0" skipped="0">
  <reporter-output>
  </reporter-output>
  <suite started-at="2024-02-26T10:12:37 IST" name="Default suite" finished-at="2024-02-26T10:15:20 IST" duration-ms="163269">
    <groups>
    </groups>
    <test started-at="2024-02-26T10:12:37 IST" name="Default test" finished-at="2024-02-26T10:15:20 IST" duration-ms="163269">
      <class name="test_package.TestAddNewColumnOnPG">
        <test-method signature="Create_SingleActivity()[pri:0, instance:test_package.TestAddNewColumnOnPG@3162743f]" started-at="2024-02-26T10:12:37 IST" name="Create_SingleActivity" finished-at="2024-02-26T10:13:15 IST" duration-ms="38641" status="PASS">
          <reporter-output>
          </reporter-output>
        </test-method> <!-- Create_SingleActivity -->
        <test-method signature="addPercentageDoneColumn()[pri:1, instance:test_package.TestAddNewColumnOnPG@3162743f]" started-at="2024-02-26T10:13:15 IST" name="addPercentageDoneColumn" finished-at="2024-02-26T10:13:23 IST" duration-ms="7269" status="PASS">
          <reporter-output>
          </reporter-output>
        </test-method> <!-- addPercentageDoneColumn -->
        <test-method signature="addAssignedResourceColumn()[pri:2, instance:test_package.TestAddNewColumnOnPG@3162743f]" started-at="2024-02-26T10:13:23 IST" name="addAssignedResourceColumn" finished-at="2024-02-26T10:13:26 IST" duration-ms="3019" status="PASS">
          <reporter-output>
          </reporter-output>
        </test-method> <!-- addAssignedResourceColumn -->
        <test-method signature="addCategoryColumn()[pri:3, instance:test_package.TestAddNewColumnOnPG@3162743f]" started-at="2024-02-26T10:13:26 IST" name="addCategoryColumn" finished-at="2024-02-26T10:13:29 IST" duration-ms="3301" status="PASS">
          <reporter-output>
          </reporter-output>
        </test-method> <!-- addCategoryColumn -->
        <test-method signature="addDescriptionColumn()[pri:4, instance:test_package.TestAddNewColumnOnPG@3162743f]" started-at="2024-02-26T10:13:29 IST" name="addDescriptionColumn" finished-at="2024-02-26T10:13:32 IST" duration-ms="3403" status="PASS">
          <reporter-output>
          </reporter-output>
        </test-method> <!-- addDescriptionColumn -->
        <test-method signature="addDiscussColumn()[pri:5, instance:test_package.TestAddNewColumnOnPG@3162743f]" started-at="2024-02-26T10:13:32 IST" name="addDiscussColumn" finished-at="2024-02-26T10:13:36 IST" duration-ms="3763" status="PASS">
          <reporter-output>
          </reporter-output>
        </test-method> <!-- addDiscussColumn -->
        <test-method signature="addElapsedTimeColumn()[pri:6, instance:test_package.TestAddNewColumnOnPG@3162743f]" started-at="2024-02-26T10:13:36 IST" name="addElapsedTimeColumn" finished-at="2024-02-26T10:13:40 IST" duration-ms="3805" status="PASS">
          <reporter-output>
          </reporter-output>
        </test-method> <!-- addElapsedTimeColumn -->
        <test-method signature="addFilesColumn()[pri:7, instance:test_package.TestAddNewColumnOnPG@3162743f]" started-at="2024-02-26T10:13:40 IST" name="addFilesColumn" finished-at="2024-02-26T10:13:44 IST" duration-ms="4115" status="PASS">
          <reporter-output>
          </reporter-output>
        </test-method> <!-- addFilesColumn -->
        <test-method signature="addOnHoldColumn()[pri:8, instance:test_package.TestAddNewColumnOnPG@3162743f]" started-at="2024-02-26T10:13:44 IST" name="addOnHoldColumn" finished-at="2024-02-26T10:13:48 IST" duration-ms="4178" status="PASS">
          <reporter-output>
          </reporter-output>
        </test-method> <!-- addOnHoldColumn -->
        <test-method signature="addPredecessorColumn()[pri:9, instance:test_package.TestAddNewColumnOnPG@3162743f]" started-at="2024-02-26T10:13:48 IST" name="addPredecessorColumn" finished-at="2024-02-26T10:13:53 IST" duration-ms="4492" status="PASS">
          <reporter-output>
          </reporter-output>
        </test-method> <!-- addPredecessorColumn -->
        <test-method signature="addPriorityColumn()[pri:10, instance:test_package.TestAddNewColumnOnPG@3162743f]" started-at="2024-02-26T10:13:53 IST" name="addPriorityColumn" finished-at="2024-02-26T10:13:58 IST" duration-ms="4783" status="PASS">
          <reporter-output>
          </reporter-output>
        </test-method> <!-- addPriorityColumn -->
        <test-method signature="addRiskColumn()[pri:11, instance:test_package.TestAddNewColumnOnPG@3162743f]" started-at="2024-02-26T10:13:58 IST" name="addRiskColumn" finished-at="2024-02-26T10:14:02 IST" duration-ms="4868" status="PASS">
          <reporter-output>
          </reporter-output>
        </test-method> <!-- addRiskColumn -->
        <test-method signature="addSequenceColumn()[pri:12, instance:test_package.TestAddNewColumnOnPG@3162743f]" started-at="2024-02-26T10:14:02 IST" name="addSequenceColumn" finished-at="2024-02-26T10:14:07 IST" duration-ms="4992" status="PASS">
          <reporter-output>
          </reporter-output>
        </test-method> <!-- addSequenceColumn -->
        <test-method signature="addStickersColumn()[pri:13, instance:test_package.TestAddNewColumnOnPG@3162743f]" started-at="2024-02-26T10:14:07 IST" name="addStickersColumn" finished-at="2024-02-26T10:14:13 IST" duration-ms="5232" status="PASS">
          <reporter-output>
          </reporter-output>
        </test-method> <!-- addStickersColumn -->
        <test-method signature="addSuccessorsColumn()[pri:14, instance:test_package.TestAddNewColumnOnPG@3162743f]" started-at="2024-02-26T10:14:13 IST" name="addSuccessorsColumn" finished-at="2024-02-26T10:14:18 IST" duration-ms="5283" status="PASS">
          <reporter-output>
          </reporter-output>
        </test-method> <!-- addSuccessorsColumn -->
        <test-method signature="addTimetoLaunchColumn()[pri:15, instance:test_package.TestAddNewColumnOnPG@3162743f]" started-at="2024-02-26T10:14:18 IST" name="addTimetoLaunchColumn" finished-at="2024-02-26T10:14:24 IST" duration-ms="5616" status="PASS">
          <reporter-output>
          </reporter-output>
        </test-method> <!-- addTimetoLaunchColumn -->
        <test-method signature="removePercentageDoneColumn()[pri:16, instance:test_package.TestAddNewColumnOnPG@3162743f]" started-at="2024-02-26T10:14:24 IST" name="removePercentageDoneColumn" finished-at="2024-02-26T10:14:27 IST" duration-ms="3732" status="PASS">
          <reporter-output>
          </reporter-output>
        </test-method> <!-- removePercentageDoneColumn -->
        <test-method signature="removeAssignedResourceColumn()[pri:17, instance:test_package.TestAddNewColumnOnPG@3162743f]" started-at="2024-02-26T10:14:27 IST" name="removeAssignedResourceColumn" finished-at="2024-02-26T10:14:31 IST" duration-ms="3673" status="PASS">
          <reporter-output>
          </reporter-output>
        </test-method> <!-- removeAssignedResourceColumn -->
        <test-method signature="removeCategoryColumn()[pri:18, instance:test_package.TestAddNewColumnOnPG@3162743f]" started-at="2024-02-26T10:14:31 IST" name="removeCategoryColumn" finished-at="2024-02-26T10:14:35 IST" duration-ms="3886" status="PASS">
          <reporter-output>
          </reporter-output>
        </test-method> <!-- removeCategoryColumn -->
        <test-method signature="removeDescriptionColumn()[pri:19, instance:test_package.TestAddNewColumnOnPG@3162743f]" started-at="2024-02-26T10:14:35 IST" name="removeDescriptionColumn" finished-at="2024-02-26T10:14:39 IST" duration-ms="3675" status="PASS">
          <reporter-output>
          </reporter-output>
        </test-method> <!-- removeDescriptionColumn -->
        <test-method signature="removeDiscussColumn()[pri:20, instance:test_package.TestAddNewColumnOnPG@3162743f]" started-at="2024-02-26T10:14:39 IST" name="removeDiscussColumn" finished-at="2024-02-26T10:14:42 IST" duration-ms="3805" status="PASS">
          <reporter-output>
          </reporter-output>
        </test-method> <!-- removeDiscussColumn -->
        <test-method signature="removeElapsedTimeColumn()[pri:21, instance:test_package.TestAddNewColumnOnPG@3162743f]" started-at="2024-02-26T10:14:42 IST" name="removeElapsedTimeColumn" finished-at="2024-02-26T10:14:46 IST" duration-ms="3776" status="PASS">
          <reporter-output>
          </reporter-output>
        </test-method> <!-- removeElapsedTimeColumn -->
        <test-method signature="removeFilesColumn()[pri:22, instance:test_package.TestAddNewColumnOnPG@3162743f]" started-at="2024-02-26T10:14:46 IST" name="removeFilesColumn" finished-at="2024-02-26T10:14:50 IST" duration-ms="3803" status="PASS">
          <reporter-output>
          </reporter-output>
        </test-method> <!-- removeFilesColumn -->
        <test-method signature="removeOnHoldColumn()[pri:23, instance:test_package.TestAddNewColumnOnPG@3162743f]" started-at="2024-02-26T10:14:50 IST" name="removeOnHoldColumn" finished-at="2024-02-26T10:14:54 IST" duration-ms="3773" status="PASS">
          <reporter-output>
          </reporter-output>
        </test-method> <!-- removeOnHoldColumn -->
        <test-method signature="removePredecessorColumn()[pri:24, instance:test_package.TestAddNewColumnOnPG@3162743f]" started-at="2024-02-26T10:14:54 IST" name="removePredecessorColumn" finished-at="2024-02-26T10:14:57 IST" duration-ms="3643" status="PASS">
          <reporter-output>
          </reporter-output>
        </test-method> <!-- removePredecessorColumn -->
        <test-method signature="removePriorityColumn()[pri:25, instance:test_package.TestAddNewColumnOnPG@3162743f]" started-at="2024-02-26T10:14:57 IST" name="removePriorityColumn" finished-at="2024-02-26T10:15:01 IST" duration-ms="3846" status="PASS">
          <reporter-output>
          </reporter-output>
        </test-method> <!-- removePriorityColumn -->
        <test-method signature="removeRiskColumn()[pri:26, instance:test_package.TestAddNewColumnOnPG@3162743f]" started-at="2024-02-26T10:15:01 IST" name="removeRiskColumn" finished-at="2024-02-26T10:15:05 IST" duration-ms="3679" status="PASS">
          <reporter-output>
          </reporter-output>
        </test-method> <!-- removeRiskColumn -->
        <test-method signature="removeSequenceColumn()[pri:27, instance:test_package.TestAddNewColumnOnPG@3162743f]" started-at="2024-02-26T10:15:05 IST" name="removeSequenceColumn" finished-at="2024-02-26T10:15:09 IST" duration-ms="3663" status="PASS">
          <reporter-output>
          </reporter-output>
        </test-method> <!-- removeSequenceColumn -->
        <test-method signature="removeStickersColumn()[pri:28, instance:test_package.TestAddNewColumnOnPG@3162743f]" started-at="2024-02-26T10:15:09 IST" name="removeStickersColumn" finished-at="2024-02-26T10:15:12 IST" duration-ms="3750" status="PASS">
          <reporter-output>
          </reporter-output>
        </test-method> <!-- removeStickersColumn -->
        <test-method signature="removeSuccessorsColumn()[pri:29, instance:test_package.TestAddNewColumnOnPG@3162743f]" started-at="2024-02-26T10:15:12 IST" name="removeSuccessorsColumn" finished-at="2024-02-26T10:15:16 IST" duration-ms="3670" status="PASS">
          <reporter-output>
          </reporter-output>
        </test-method> <!-- removeSuccessorsColumn -->
        <test-method signature="removeTimeToLaunch()[pri:30, instance:test_package.TestAddNewColumnOnPG@3162743f]" started-at="2024-02-26T10:15:16 IST" name="removeTimeToLaunch" finished-at="2024-02-26T10:15:20 IST" duration-ms="3935" status="PASS">
          <reporter-output>
          </reporter-output>
        </test-method> <!-- removeTimeToLaunch -->
      </class> <!-- test_package.TestAddNewColumnOnPG -->
    </test> <!-- Default test -->
  </suite> <!-- Default suite -->
</testng-results>
